This is pdfTeX, Version 3.14159265-2.6-1.40.18 (MiKTeX 2.9.6350 64-bit) (preloaded format=pdflatex 2017.10.6)  8 JAN 2018 00:05
entering extended mode
**./63150317.tex
(63150317.tex
LaTeX2e <2017-04-15>
Babel <3.10> and hyphenation patterns for 75 language(s) loaded.
("C:\Program Files\MiKTeX 2.9\tex\latex\base\article.cls"
Document Class: article 2014/09/29 v1.4h Standard LaTeX document class
("C:\Program Files\MiKTeX 2.9\tex\latex\base\size11.clo"
File: size11.clo 2014/09/29 v1.4h Standard LaTeX file (size option)
)
\c@part=\count79
\c@section=\count80
\c@subsection=\count81
\c@subsubsection=\count82
\c@paragraph=\count83
\c@subparagraph=\count84
\c@figure=\count85
\c@table=\count86
\abovecaptionskip=\skip41
\belowcaptionskip=\skip42
\bibindent=\dimen102
)
("C:\Program Files\MiKTeX 2.9\tex\latex\base\inputenc.sty"
Package: inputenc 2015/03/17 v1.2c Input encoding file
\inpenc@prehook=\toks14
\inpenc@posthook=\toks15

("C:\Program Files\MiKTeX 2.9\tex\latex\ucs\utf8x.def"
File: utf8x.def 2004/10/17 UCS: Input encoding UTF-8
))
("C:\Program Files\MiKTeX 2.9\tex\latex\ucs\ucs.sty"
Package: ucs 2013/05/11 v2.2 UCS: Unicode input support

("C:\Program Files\MiKTeX 2.9\tex\latex\ucs\uni-global.def"
File: uni-global.def 2013/05/13 UCS: Unicode global data
)
\uc@secondtry=\count87
\uc@combtoks=\toks16
\uc@combtoksb=\toks17
\uc@temptokena=\toks18
)
("C:\Program Files\MiKTeX 2.9\tex\generic\babel\babel.sty"
Package: babel 2017/05/19 3.10 The Babel package

*************************************
* Local config file bblopts.cfg used
*
("C:\Program Files\MiKTeX 2.9\tex\latex\arabi\bblopts.cfg"
File: bblopts.cfg 2005/09/08 v0.1 add Arabic and Farsi to "declared" options of
 babel
)
("C:\Program Files\MiKTeX 2.9\tex\latex\babel-slovenian\slovene.ldf"
Language: slovene 2005/03/31 v1.2m Slovene support from the babel system

("C:\Program Files\MiKTeX 2.9\tex\generic\babel\babel.def"
File: babel.def 2017/05/19 3.10 Babel common definitions
\babel@savecnt=\count88
\U@D=\dimen103
)
Package babel Info: Making " an active character on input line 79.
))
("C:\Program Files\MiKTeX 2.9\tex\latex\url\url.sty"
\Urlmuskip=\muskip10
Package: url 2013/09/16  ver 3.4  Verb mode for urls, etc.
)
("C:\Program Files\MiKTeX 2.9\tex\latex\graphics\graphicx.sty"
Package: graphicx 2014/10/28 v1.0g Enhanced LaTeX Graphics (DPC,SPQR)

("C:\Program Files\MiKTeX 2.9\tex\latex\graphics\keyval.sty"
Package: keyval 2014/10/28 v1.15 key=value parser (DPC)
\KV@toks@=\toks19
)
("C:\Program Files\MiKTeX 2.9\tex\latex\graphics\graphics.sty"
Package: graphics 2017/04/14 v1.1b Standard LaTeX Graphics (DPC,SPQR)

("C:\Program Files\MiKTeX 2.9\tex\latex\graphics\trig.sty"
Package: trig 2016/01/03 v1.10 sin cos tan (DPC)
)
("C:\Program Files\MiKTeX 2.9\tex\latex\graphics-cfg\graphics.cfg"
File: graphics.cfg 2016/06/04 v1.11 sample graphics configuration
)
Package graphics Info: Driver file: pdftex.def on input line 99.

("C:\Program Files\MiKTeX 2.9\tex\latex\graphics-def\pdftex.def"
File: pdftex.def 2017/01/12 v0.06k Graphics/color for pdfTeX

("C:\Program Files\MiKTeX 2.9\tex\generic\oberdiek\infwarerr.sty"
Package: infwarerr 2016/05/16 v1.4 Providing info/warning/error messages (HO)
)
("C:\Program Files\MiKTeX 2.9\tex\generic\oberdiek\ltxcmds.sty"
Package: ltxcmds 2016/05/16 v1.23 LaTeX kernel commands for general use (HO)
)
\Gread@gobject=\count89
))
\Gin@req@height=\dimen104
\Gin@req@width=\dimen105
)
(63150317.aux

LaTeX Warning: Label `sl:koncept' multiply defined.


LaTeX Warning: Label `sl:koncept' multiply defined.


LaTeX Warning: Label `sl:koncept' multiply defined.


LaTeX Warning: Label `sl:koncept' multiply defined.


LaTeX Warning: Label `sl:koncept' multiply defined.


LaTeX Warning: Label `sl:koncept' multiply defined.


LaTeX Warning: Label `sl:koncept' multiply defined.


LaTeX Warning: Label `sl:koncept' multiply defined.


LaTeX Warning: Label `sl:koncept' multiply defined.


LaTeX Warning: Label `sl:koncept' multiply defined.

)
\openout1 = `63150317.aux'.

LaTeX Font Info:    Checking defaults for OML/cmm/m/it on input line 21.
LaTeX Font Info:    ... okay on input line 21.
LaTeX Font Info:    Checking defaults for T1/cmr/m/n on input line 21.
LaTeX Font Info:    ... okay on input line 21.
LaTeX Font Info:    Checking defaults for OT1/cmr/m/n on input line 21.
LaTeX Font Info:    ... okay on input line 21.
LaTeX Font Info:    Checking defaults for OMS/cmsy/m/n on input line 21.
LaTeX Font Info:    ... okay on input line 21.
LaTeX Font Info:    Checking defaults for OMX/cmex/m/n on input line 21.
LaTeX Font Info:    ... okay on input line 21.
LaTeX Font Info:    Checking defaults for U/cmr/m/n on input line 21.
LaTeX Font Info:    ... okay on input line 21.
 ("C:\Program Files\MiKTeX 2.9\tex\latex\ucs\ucsencs.def"
File: ucsencs.def 2011/01/21 Fixes to fontencodings LGR, T3
)
("C:\Program Files\MiKTeX 2.9\tex\context\base\supp-pdf.mkii"
[Loading MPS to PDF converter (version 2006.09.02).]
\scratchcounter=\count90
\scratchdimen=\dimen106
\scratchbox=\box26
\nofMPsegments=\count91
\nofMParguments=\count92
\everyMPshowfont=\toks20
\MPscratchCnt=\count93
\MPscratchDim=\dimen107
\MPnumerator=\count94
\makeMPintoPDFobject=\count95
\everyMPtoPDFconversion=\toks21
) ("C:\Program Files\MiKTeX 2.9\tex\generic\oberdiek\pdftexcmds.sty"
Package: pdftexcmds 2017/03/19 v0.25 Utility functions of pdfTeX for LuaTeX (HO
)

("C:\Program Files\MiKTeX 2.9\tex\generic\oberdiek\ifluatex.sty"
Package: ifluatex 2016/05/16 v1.4 Provides the ifluatex switch (HO)
Package ifluatex Info: LuaTeX not detected.
)
("C:\Program Files\MiKTeX 2.9\tex\generic\oberdiek\ifpdf.sty"
Package: ifpdf 2017/03/15 v3.2 Provides the ifpdf switch
)
Package pdftexcmds Info: LuaTeX not detected.
Package pdftexcmds Info: \pdf@primitive is available.
Package pdftexcmds Info: \pdf@ifprimitive is available.
Package pdftexcmds Info: \pdfdraftmode found.
)
("C:\Program Files\MiKTeX 2.9\tex\latex\oberdiek\epstopdf-base.sty"
Package: epstopdf-base 2016/05/15 v2.6 Base part for package epstopdf

("C:\Program Files\MiKTeX 2.9\tex\latex\oberdiek\grfext.sty"
Package: grfext 2016/05/16 v1.2 Manage graphics extensions (HO)

("C:\Program Files\MiKTeX 2.9\tex\generic\oberdiek\kvdefinekeys.sty"
Package: kvdefinekeys 2016/05/16 v1.4 Define keys (HO)
))
("C:\Program Files\MiKTeX 2.9\tex\latex\oberdiek\kvoptions.sty"
Package: kvoptions 2016/05/16 v3.12 Key value format for package options (HO)

("C:\Program Files\MiKTeX 2.9\tex\generic\oberdiek\kvsetkeys.sty"
Package: kvsetkeys 2016/05/16 v1.17 Key value parser (HO)

("C:\Program Files\MiKTeX 2.9\tex\generic\oberdiek\etexcmds.sty"
Package: etexcmds 2016/05/16 v1.6 Avoid name clashes with e-TeX commands (HO)
Package etexcmds Info: Could not find \expanded.
(etexcmds)             That can mean that you are not using pdfTeX 1.50 or
(etexcmds)             that some package has redefined \expanded.
(etexcmds)             In the latter case, load this package earlier.
)))
Package epstopdf-base Info: Redefining graphics rule for `.eps' on input line 4
38.
Package grfext Info: Graphics extension search list:
(grfext)             [.png,.pdf,.jpg,.mps,.jpeg,.jbig2,.jb2,.PNG,.PDF,.JPG,.JPE
G,.JBIG2,.JB2,.eps]
(grfext)             \AppendGraphicsExtensions on input line 456.
)
LaTeX Font Info:    External font `cmex10' loaded for size
(Font)              <12> on input line 22.
LaTeX Font Info:    External font `cmex10' loaded for size
(Font)              <8> on input line 22.
LaTeX Font Info:    External font `cmex10' loaded for size
(Font)              <6> on input line 22.

("C:\Program Files\MiKTeX 2.9\tex\latex\ucs\uni-1.def"
File: uni-1.def 2013/05/13 UCS: Unicode data U+0100..U+01FF
)
LaTeX Font Info:    Try loading font information for OMS+cmr on input line 35.

("C:\Program Files\MiKTeX 2.9\tex\latex\base\omscmr.fd"
File: omscmr.fd 2014/09/29 v2.5h Standard LaTeX font definitions
)
LaTeX Font Info:    Font shape `OMS/cmr/m/n' in size <10.95> not available
(Font)              Font shape `OMS/cmsy/m/n' tried instead on input line 35.

<bazaVAzure.png, id=1, 683.55376pt x 625.33624pt>
File: bazaVAzure.png Graphic file (type png)
 <use bazaVAzure.png>
Package pdftex.def Info: bazaVAzure.png used on input line 48.
(pdftex.def)             Requested size: 360.0pt x 329.34651pt.
 [1

{C:/ProgramData/MiKTeX/2.9/pdftex/config/pdftex.map}] [2 <./bazaVAzure.png>]
<GUI/login.jpg, id=16, 1445.4pt x 2569.6pt>
File: GUI/login.jpg Graphic file (type jpg)
 <use GUI/login.jpg>
Package pdftex.def Info: GUI/login.jpg used on input line 98.
(pdftex.def)             Requested size: 360.0pt x 640.0067pt.


LaTeX Warning: Float too large for page by 69.93561pt on input line 101.

<GUI/potovanja.jpg, id=17, 1445.4pt x 2569.6pt>
File: GUI/potovanja.jpg Graphic file (type jpg)
 <use GUI/potovanja.jpg>
Package pdftex.def Info: GUI/potovanja.jpg used on input line 104.
(pdftex.def)             Requested size: 360.0pt x 640.0067pt.


LaTeX Warning: Float too large for page by 69.93561pt on input line 107.

<GUI/nakup.jpg, id=18, 1445.4pt x 2569.6pt>
File: GUI/nakup.jpg Graphic file (type jpg)
 <use GUI/nakup.jpg>
Package pdftex.def Info: GUI/nakup.jpg used on input line 110.
(pdftex.def)             Requested size: 360.0pt x 640.0067pt.


LaTeX Warning: Float too large for page by 69.93561pt on input line 113.

<GUI/Potniki.jpg, id=19, 1445.4pt x 2569.6pt>
File: GUI/Potniki.jpg Graphic file (type jpg)
 <use GUI/Potniki.jpg>
Package pdftex.def Info: GUI/Potniki.jpg used on input line 118.
(pdftex.def)             Requested size: 360.0pt x 640.0067pt.


LaTeX Warning: Float too large for page by 69.93561pt on input line 121.

<GUI/vnosPotnika.jpg, id=20, 1445.4pt x 2569.6pt>
File: GUI/vnosPotnika.jpg Graphic file (type jpg)
 <use GUI/vnosPotnika.jpg>
Package pdftex.def Info: GUI/vnosPotnika.jpg used on input line 125.
(pdftex.def)             Requested size: 360.0pt x 640.0067pt.


LaTeX Warning: Float too large for page by 69.93561pt on input line 128.

<GUI/placilo.jpg, id=21, 1445.4pt x 2569.6pt>
File: GUI/placilo.jpg Graphic file (type jpg)
 <use GUI/placilo.jpg>
Package pdftex.def Info: GUI/placilo.jpg used on input line 132.
(pdftex.def)             Requested size: 360.0pt x 640.0067pt.


LaTeX Warning: Float too large for page by 67.80644pt on input line 135.

<GUI/zakljucekPlacila.jpg, id=22, 1445.4pt x 2569.6pt>
File: GUI/zakljucekPlacila.jpg Graphic file (type jpg)

<use GUI/zakljucekPlacila.jpg>
Package pdftex.def Info: GUI/zakljucekPlacila.jpg used on input line 138.
(pdftex.def)             Requested size: 360.0pt x 640.0067pt.


LaTeX Warning: Float too large for page by 69.93561pt on input line 141.

<GUI/navigation.jpg, id=23, 1445.4pt x 2569.6pt>
File: GUI/navigation.jpg Graphic file (type jpg)
 <use GUI/navigation.jpg>
Package pdftex.def Info: GUI/navigation.jpg used on input line 144.
(pdftex.def)             Requested size: 360.0pt x 640.0067pt.


LaTeX Warning: Float too large for page by 69.93561pt on input line 147.

<GUI/autocomplete.jpg, id=24, 1445.4pt x 2569.6pt>
File: GUI/autocomplete.jpg Graphic file (type jpg)
 <use GUI/autocomplete.jpg>
Package pdftex.def Info: GUI/autocomplete.jpg used on input line 150.
(pdftex.def)             Requested size: 360.0pt x 640.0067pt.


LaTeX Warning: Float too large for page by 69.93561pt on input line 153.

<GUI/datePicker.jpg, id=25, 1445.4pt x 2569.6pt>
File: GUI/datePicker.jpg Graphic file (type jpg)
 <use GUI/datePicker.jpg>
Package pdftex.def Info: GUI/datePicker.jpg used on input line 156.
(pdftex.def)             Requested size: 360.0pt x 640.0067pt.


LaTeX Warning: Float too large for page by 67.80644pt on input line 159.

(63150317.bbl
LaTeX Font Info:    External font `cmex10' loaded for size
(Font)              <10.95> on input line 6.
 [3]
Underfull \hbox (badness 10000) in paragraph at lines 17--22
[]\OT1/cmr/m/n/10.95 Google sign-in sam-ple.  Do-se-gljivo: $\OT1/cmtt/m/n/10.9
5 https : / / github . com /
 []


Underfull \hbox (badness 10000) in paragraph at lines 17--22
\OT1/cmtt/m/n/10.95 googlesamples / google-[]services / tree / master / android
 / signin$\OT1/cmr/m/n/10.95 ,
 []

) [4] [5 <./GUI/login.jpg>] [6 <./GUI/potovanja.jpg>] [7 <./GUI/nakup.jpg>]
[8 <./GUI/Potniki.jpg>] [9 <./GUI/vnosPotnika.jpg>] [10 <./GUI/placilo.jpg>]
[11 <./GUI/zakljucekPlacila.jpg>] [12 <./GUI/navigation.jpg>] [13 <./GUI/autoco
mplete.jpg>] [14 <./GUI/datePicker.jpg>] (63150317.aux)

LaTeX Warning: There were multiply-defined labels.

 ) 
Here is how much of TeX's memory you used:
 2995 strings out of 493323
 40810 string characters out of 3139066
 112279 words of memory out of 3000000
 6487 multiletter control sequences out of 15000+200000
 8671 words of font info for 31 fonts, out of 3000000 for 9000
 1141 hyphenation exceptions out of 8191
 39i,7n,25p,388b,667s stack positions out of 5000i,500n,10000p,200000b,50000s
<C:/Program Files/MiKTeX 2.9/fonts/type1/public/amsfonts/cm/cmbx12.pfb><C:/Pr
ogram Files/MiKTeX 2.9/fonts/type1/public/amsfonts/cm/cmr10.pfb><C:/Program Fil
es/MiKTeX 2.9/fonts/type1/public/amsfonts/cm/cmr12.pfb><C:/Program Files/MiKTeX
 2.9/fonts/type1/public/amsfonts/cm/cmr17.pfb><C:/Program Files/MiKTeX 2.9/font
s/type1/public/amsfonts/cm/cmsy10.pfb><C:/Program Files/MiKTeX 2.9/fonts/type1/
public/amsfonts/cm/cmtt10.pfb>
Output written on 63150317.pdf (14 pages, 3630445 bytes).
PDF statistics:
 85 PDF objects out of 1000 (max. 8388607)
 0 named destinations out of 1000 (max. 500000)
 56 words of extra memory for PDF output out of 10000 (max. 10000000)

