This is pdfTeX, Version 3.14159265-2.6-1.40.18 (MiKTeX 2.9.6500 64-bit) (preloaded format=pdflatex 2018.1.6)  13 JAN 2018 09:09
entering extended mode
**./63150317.tex
(63150317.tex
LaTeX2e <2017-04-15>
Babel <3.15> and hyphenation patterns for 75 language(s) loaded.
("C:\Program Files\MiKTeX 2.9\tex\latex\base\article.cls"
Document Class: article 2014/09/29 v1.4h Standard LaTeX document class
("C:\Program Files\MiKTeX 2.9\tex\latex\base\size11.clo"
File: size11.clo 2014/09/29 v1.4h Standard LaTeX file (size option)
)
\c@part=\count79
\c@section=\count80
\c@subsection=\count81
\c@subsubsection=\count82
\c@paragraph=\count83
\c@subparagraph=\count84
\c@figure=\count85
\c@table=\count86
\abovecaptionskip=\skip41
\belowcaptionskip=\skip42
\bibindent=\dimen102
)
("C:\Program Files\MiKTeX 2.9\tex\latex\base\inputenc.sty"
Package: inputenc 2015/03/17 v1.2c Input encoding file
\inpenc@prehook=\toks14
\inpenc@posthook=\toks15

("C:\Program Files\MiKTeX 2.9\tex\latex\ucs\utf8x.def"
File: utf8x.def 2004/10/17 UCS: Input encoding UTF-8
))
("C:\Program Files\MiKTeX 2.9\tex\latex\ucs\ucs.sty"
Package: ucs 2013/05/11 v2.2 UCS: Unicode input support

("C:\Program Files\MiKTeX 2.9\tex\latex\ucs\uni-global.def"
File: uni-global.def 2013/05/13 UCS: Unicode global data
)
\uc@secondtry=\count87
\uc@combtoks=\toks16
\uc@combtoksb=\toks17
\uc@temptokena=\toks18
)
("C:\Program Files\MiKTeX 2.9\tex\generic\babel\babel.sty"
Package: babel 2017/11/03 3.15 The Babel package

("C:\Program Files\MiKTeX 2.9\tex\generic\babel\switch.def"
File: switch.def 2017/11/03 3.15 Babel switching mechanism
)
*************************************
* Local config file bblopts.cfg used
*
("C:\Program Files\MiKTeX 2.9\tex\latex\arabi\bblopts.cfg"
File: bblopts.cfg 2005/09/08 v0.1 add Arabic and Farsi to "declared" options of
 babel
)
("C:\Program Files\MiKTeX 2.9\tex\latex\babel-slovenian\slovene.ldf"
Language: slovene 2005/03/31 v1.2m Slovene support from the babel system

("C:\Program Files\MiKTeX 2.9\tex\generic\babel\babel.def"
File: babel.def 2017/11/03 3.15 Babel common definitions

("C:\Program Files\MiKTeX 2.9\tex\generic\babel\switch.def"
File: switch.def 2017/11/03 3.15 Babel switching mechanism
)
\babel@savecnt=\count88
\U@D=\dimen103
)
Package babel Info: Making " an active character on input line 79.
))
("C:\Program Files\MiKTeX 2.9\tex\latex\url\url.sty"
\Urlmuskip=\muskip10
Package: url 2013/09/16  ver 3.4  Verb mode for urls, etc.
)
("C:\Program Files\MiKTeX 2.9\tex\latex\graphics\graphicx.sty"
Package: graphicx 2017/06/01 v1.1a Enhanced LaTeX Graphics (DPC,SPQR)

("C:\Program Files\MiKTeX 2.9\tex\latex\graphics\keyval.sty"
Package: keyval 2014/10/28 v1.15 key=value parser (DPC)
\KV@toks@=\toks19
)
("C:\Program Files\MiKTeX 2.9\tex\latex\graphics\graphics.sty"
Package: graphics 2017/06/25 v1.2c Standard LaTeX Graphics (DPC,SPQR)

("C:\Program Files\MiKTeX 2.9\tex\latex\graphics\trig.sty"
Package: trig 2016/01/03 v1.10 sin cos tan (DPC)
)
("C:\Program Files\MiKTeX 2.9\tex\latex\graphics-cfg\graphics.cfg"
File: graphics.cfg 2016/06/04 v1.11 sample graphics configuration
)
Package graphics Info: Driver file: pdftex.def on input line 99.

("C:\Program Files\MiKTeX 2.9\tex\latex\graphics-def\pdftex.def"
File: pdftex.def 2017/06/24 v1.0g Graphics/color driver for pdftex
))
\Gin@req@height=\dimen104
\Gin@req@width=\dimen105
)
("C:\Program Files\MiKTeX 2.9\tex\latex\hyperref\hyperref.sty"
Package: hyperref 2017/03/14 v6.85a Hypertext links for LaTeX

("C:\Program Files\MiKTeX 2.9\tex\generic\oberdiek\hobsub-hyperref.sty"
Package: hobsub-hyperref 2016/05/16 v1.14 Bundle oberdiek, subset hyperref (HO)


("C:\Program Files\MiKTeX 2.9\tex\generic\oberdiek\hobsub-generic.sty"
Package: hobsub-generic 2016/05/16 v1.14 Bundle oberdiek, subset generic (HO)
Package: hobsub 2016/05/16 v1.14 Construct package bundles (HO)
Package: infwarerr 2016/05/16 v1.4 Providing info/warning/error messages (HO)
Package: ltxcmds 2016/05/16 v1.23 LaTeX kernel commands for general use (HO)
Package: ifluatex 2016/05/16 v1.4 Provides the ifluatex switch (HO)
Package ifluatex Info: LuaTeX not detected.
Package: ifvtex 2016/05/16 v1.6 Detect VTeX and its facilities (HO)
Package ifvtex Info: VTeX not detected.
Package: intcalc 2016/05/16 v1.2 Expandable calculations with integers (HO)
Package: ifpdf 2017/03/15 v3.2 Provides the ifpdf switch
Package: etexcmds 2016/05/16 v1.6 Avoid name clashes with e-TeX commands (HO)
Package etexcmds Info: Could not find \expanded.
(etexcmds)             That can mean that you are not using pdfTeX 1.50 or
(etexcmds)             that some package has redefined \expanded.
(etexcmds)             In the latter case, load this package earlier.
Package: kvsetkeys 2016/05/16 v1.17 Key value parser (HO)
Package: kvdefinekeys 2016/05/16 v1.4 Define keys (HO)
Package: pdftexcmds 2017/03/19 v0.25 Utility functions of pdfTeX for LuaTeX (HO
)
Package pdftexcmds Info: LuaTeX not detected.
Package pdftexcmds Info: \pdf@primitive is available.
Package pdftexcmds Info: \pdf@ifprimitive is available.
Package pdftexcmds Info: \pdfdraftmode found.
Package: pdfescape 2016/05/16 v1.14 Implements pdfTeX's escape features (HO)
Package: bigintcalc 2016/05/16 v1.4 Expandable calculations on big integers (HO
)
Package: bitset 2016/05/16 v1.2 Handle bit-vector datatype (HO)
Package: uniquecounter 2016/05/16 v1.3 Provide unlimited unique counter (HO)
)
Package hobsub Info: Skipping package `hobsub' (already loaded).
Package: letltxmacro 2016/05/16 v1.5 Let assignment for LaTeX macros (HO)
Package: hopatch 2016/05/16 v1.3 Wrapper for package hooks (HO)
Package: xcolor-patch 2016/05/16 xcolor patch
Package: atveryend 2016/05/16 v1.9 Hooks at the very end of document (HO)
Package atveryend Info: \enddocument detected (standard20110627).
Package: atbegshi 2016/06/09 v1.18 At begin shipout hook (HO)
Package: refcount 2016/05/16 v3.5 Data extraction from label references (HO)
Package: hycolor 2016/05/16 v1.8 Color options for hyperref/bookmark (HO)
)
("C:\Program Files\MiKTeX 2.9\tex\generic\ifxetex\ifxetex.sty"
Package: ifxetex 2010/09/12 v0.6 Provides ifxetex conditional
)
("C:\Program Files\MiKTeX 2.9\tex\latex\oberdiek\auxhook.sty"
Package: auxhook 2016/05/16 v1.4 Hooks for auxiliary files (HO)
)
("C:\Program Files\MiKTeX 2.9\tex\latex\oberdiek\kvoptions.sty"
Package: kvoptions 2016/05/16 v3.12 Key value format for package options (HO)
)
\@linkdim=\dimen106
\Hy@linkcounter=\count89
\Hy@pagecounter=\count90

("C:\Program Files\MiKTeX 2.9\tex\latex\hyperref\pd1enc.def"
File: pd1enc.def 2017/03/14 v6.85a Hyperref: PDFDocEncoding definition (HO)
)
\Hy@SavedSpaceFactor=\count91

("C:\Program Files\MiKTeX 2.9\tex\latex\00miktex\hyperref.cfg"
File: hyperref.cfg 2002/06/06 v1.2 hyperref configuration of TeXLive
)
Package hyperref Info: Hyper figures OFF on input line 4498.
Package hyperref Info: Link nesting OFF on input line 4503.
Package hyperref Info: Hyper index ON on input line 4506.
Package hyperref Info: Plain pages OFF on input line 4513.
Package hyperref Info: Backreferencing OFF on input line 4518.
Package hyperref Info: Implicit mode ON; LaTeX internals redefined.
Package hyperref Info: Bookmarks ON on input line 4751.
\c@Hy@tempcnt=\count92
LaTeX Info: Redefining \url on input line 5104.
\XeTeXLinkMargin=\dimen107
\Fld@menulength=\count93
\Field@Width=\dimen108
\Fld@charsize=\dimen109
Package hyperref Info: Hyper figures OFF on input line 6358.
Package hyperref Info: Link nesting OFF on input line 6363.
Package hyperref Info: Hyper index ON on input line 6366.
Package hyperref Info: backreferencing OFF on input line 6373.
Package hyperref Info: Link coloring OFF on input line 6378.
Package hyperref Info: Link coloring with OCG OFF on input line 6383.
Package hyperref Info: PDF/A mode OFF on input line 6388.
LaTeX Info: Redefining \ref on input line 6428.
LaTeX Info: Redefining \pageref on input line 6432.
\Hy@abspage=\count94
\c@Item=\count95
\c@Hfootnote=\count96
)

Package hyperref Message: Driver (autodetected): hpdftex.

("C:\Program Files\MiKTeX 2.9\tex\latex\hyperref\hpdftex.def"
File: hpdftex.def 2017/03/14 v6.85a Hyperref driver for pdfTeX
\Fld@listcount=\count97
\c@bookmark@seq@number=\count98

("C:\Program Files\MiKTeX 2.9\tex\latex\oberdiek\rerunfilecheck.sty"
Package: rerunfilecheck 2016/05/16 v1.8 Rerun checks for auxiliary files (HO)
Package uniquecounter Info: New unique counter `rerunfilecheck' on input line 2
82.
)
\Hy@SectionHShift=\skip43
)
(63150317.aux

LaTeX Warning: Label `sl:koncept' multiply defined.


LaTeX Warning: Label `sl:koncept' multiply defined.


LaTeX Warning: Label `sl:koncept' multiply defined.


LaTeX Warning: Label `sl:koncept' multiply defined.


LaTeX Warning: Label `sl:koncept' multiply defined.


LaTeX Warning: Label `sl:koncept' multiply defined.


LaTeX Warning: Label `sl:koncept' multiply defined.


LaTeX Warning: Label `sl:koncept' multiply defined.


LaTeX Warning: Label `sl:koncept' multiply defined.


LaTeX Warning: Label `sl:koncept' multiply defined.

)
\openout1 = `63150317.aux'.

LaTeX Font Info:    Checking defaults for OML/cmm/m/it on input line 21.
LaTeX Font Info:    ... okay on input line 21.
LaTeX Font Info:    Checking defaults for T1/cmr/m/n on input line 21.
LaTeX Font Info:    ... okay on input line 21.
LaTeX Font Info:    Checking defaults for OT1/cmr/m/n on input line 21.
LaTeX Font Info:    ... okay on input line 21.
LaTeX Font Info:    Checking defaults for OMS/cmsy/m/n on input line 21.
LaTeX Font Info:    ... okay on input line 21.
LaTeX Font Info:    Checking defaults for OMX/cmex/m/n on input line 21.
LaTeX Font Info:    ... okay on input line 21.
LaTeX Font Info:    Checking defaults for U/cmr/m/n on input line 21.
LaTeX Font Info:    ... okay on input line 21.
LaTeX Font Info:    Checking defaults for PD1/pdf/m/n on input line 21.
LaTeX Font Info:    ... okay on input line 21.
 ("C:\Program Files\MiKTeX 2.9\tex\latex\ucs\ucsencs.def"
File: ucsencs.def 2011/01/21 Fixes to fontencodings LGR, T3
)
("C:\Program Files\MiKTeX 2.9\tex\context\base\supp-pdf.mkii"
[Loading MPS to PDF converter (version 2006.09.02).]
\scratchcounter=\count99
\scratchdimen=\dimen110
\scratchbox=\box26
\nofMPsegments=\count100
\nofMParguments=\count101
\everyMPshowfont=\toks20
\MPscratchCnt=\count102
\MPscratchDim=\dimen111
\MPnumerator=\count103
\makeMPintoPDFobject=\count104
\everyMPtoPDFconversion=\toks21
) ("C:\Program Files\MiKTeX 2.9\tex\latex\oberdiek\epstopdf-base.sty"
Package: epstopdf-base 2016/05/15 v2.6 Base part for package epstopdf

("C:\Program Files\MiKTeX 2.9\tex\latex\oberdiek\grfext.sty"
Package: grfext 2016/05/16 v1.2 Manage graphics extensions (HO)
)
Package epstopdf-base Info: Redefining graphics rule for `.eps' on input line 4
38.
Package grfext Info: Graphics extension search list:
(grfext)             [.pdf,.png,.jpg,.mps,.jpeg,.jbig2,.jb2,.PDF,.PNG,.JPG,.JPE
G,.JBIG2,.JB2,.eps]
(grfext)             \AppendGraphicsExtensions on input line 456.
)
\AtBeginShipoutBox=\box27
Package hyperref Info: Link coloring OFF on input line 21.

("C:\Program Files\MiKTeX 2.9\tex\latex\hyperref\nameref.sty"
Package: nameref 2016/05/21 v2.44 Cross-referencing by name of section

("C:\Program Files\MiKTeX 2.9\tex\generic\oberdiek\gettitlestring.sty"
Package: gettitlestring 2016/05/16 v1.5 Cleanup title references (HO)
)
\c@section@level=\count105
)
LaTeX Info: Redefining \ref on input line 21.
LaTeX Info: Redefining \pageref on input line 21.
LaTeX Info: Redefining \nameref on input line 21.

(63150317.out) (63150317.out)
\@outlinefile=\write3
\openout3 = `63150317.out'.

LaTeX Font Info:    External font `cmex10' loaded for size
(Font)              <12> on input line 23.
LaTeX Font Info:    External font `cmex10' loaded for size
(Font)              <8> on input line 23.
LaTeX Font Info:    External font `cmex10' loaded for size
(Font)              <6> on input line 23.

("C:\Program Files\MiKTeX 2.9\tex\latex\ucs\uni-1.def"
File: uni-1.def 2013/05/13 UCS: Unicode data U+0100..U+01FF
)
Package babel Info: Redefining slovene shorthand "|
(babel)             in language  on input line 26.
Package babel Info: Redefining slovene shorthand "|
(babel)             in language  on input line 42.
LaTeX Font Info:    Try loading font information for OMS+cmr on input line 45.

("C:\Program Files\MiKTeX 2.9\tex\latex\base\omscmr.fd"
File: omscmr.fd 2014/09/29 v2.5h Standard LaTeX font definitions
)
LaTeX Font Info:    Font shape `OMS/cmr/m/n' in size <10.95> not available
(Font)              Font shape `OMS/cmsy/m/n' tried instead on input line 45.
Package babel Info: Redefining slovene shorthand "|
(babel)             in language  on input line 50.
Package babel Info: Redefining slovene shorthand "|
(babel)             in language  on input line 50.
 [1

{C:/Users/jerne/AppData/Local/MiKTeX/2.9/pdftex/config/pdftex.map}]
Package babel Info: Redefining slovene shorthand "|
(babel)             in language  on input line 51.
Package babel Info: Redefining slovene shorthand "|
(babel)             in language  on input line 61.


Package hyperref Warning: Composite letter `\textasciicaron+c'
(hyperref)                not defined in PD1 encoding,
(hyperref)                removing `\textasciicaron' on input line 61.

Package babel Info: Redefining slovene shorthand "|
(babel)             in language  on input line 70.
<bazaVAzure.png, id=74, 683.55376pt x 625.33624pt>
File: bazaVAzure.png Graphic file (type png)
<use bazaVAzure.png>
Package pdftex.def Info: bazaVAzure.png  used on input line 75. on input line 7
5.
Package pdftex.def Info: Requested size: 360.0pt x 329.34651pt on input line 75
.
Package babel Info: Redefining slovene shorthand "|
(babel)             in language  on input line 89.
Package babel Info: Redefining slovene shorthand "|
(babel)             in language  on input line 94.
Package babel Info: Redefining slovene shorthand "|
(babel)             in language  on input line 94.
[2]
Package babel Info: Redefining slovene shorthand "|
(babel)             in language  on input line 101.
Package babel Info: Redefining slovene shorthand "|
(babel)             in language  on input line 102.
Package babel Info: Redefining slovene shorthand "|
(babel)             in language  on input line 105.
Package babel Info: Redefining slovene shorthand "|
(babel)             in language  on input line 105.
 [3 <./bazaVAzure.png>]
Package babel Info: Redefining slovene shorthand "|
(babel)             in language  on input line 106.
Package babel Info: Redefining slovene shorthand "|
(babel)             in language  on input line 110.
Package babel Info: Redefining slovene shorthand "|
(babel)             in language  on input line 114.
Package babel Info: Redefining slovene shorthand "|
(babel)             in language  on input line 117.
Package babel Info: Redefining slovene shorthand "|
(babel)             in language  on input line 123.


Package hyperref Warning: Composite letter `\textasciicaron+c'
(hyperref)                not defined in PD1 encoding,
(hyperref)                removing `\textasciicaron' on input line 123.

Package babel Info: Redefining slovene shorthand "|
(babel)             in language  on input line 128.
<GUI/login.jpg, id=90, 1445.4pt x 2569.6pt>
File: GUI/login.jpg Graphic file (type jpg)
<use GUI/login.jpg>
Package pdftex.def Info: GUI/login.jpg  used on input line 131. on input line 1
31.
Package pdftex.def Info: Requested size: 360.0pt x 640.0067pt on input line 131
.

LaTeX Warning: Float too large for page by 69.93561pt on input line 134.

<GUI/potovanja.jpg, id=91, 1445.4pt x 2569.6pt>
File: GUI/potovanja.jpg Graphic file (type jpg)
<use GUI/potovanja.jpg>
Package pdftex.def Info: GUI/potovanja.jpg  used on input line 137. on input li
ne 137.
Package pdftex.def Info: Requested size: 360.0pt x 640.0067pt on input line 137
.

LaTeX Warning: Float too large for page by 69.93561pt on input line 140.

<GUI/nakup.jpg, id=92, 1445.4pt x 2569.6pt>
File: GUI/nakup.jpg Graphic file (type jpg)
<use GUI/nakup.jpg>
Package pdftex.def Info: GUI/nakup.jpg  used on input line 143. on input line 1
43.
Package pdftex.def Info: Requested size: 360.0pt x 640.0067pt on input line 143
.

LaTeX Warning: Float too large for page by 69.93561pt on input line 146.

<GUI/Potniki.jpg, id=93, 1445.4pt x 2569.6pt>
File: GUI/Potniki.jpg Graphic file (type jpg)
<use GUI/Potniki.jpg>
Package pdftex.def Info: GUI/Potniki.jpg  used on input line 151. on input line
 151.
Package pdftex.def Info: Requested size: 360.0pt x 640.0067pt on input line 151
.

LaTeX Warning: Float too large for page by 69.93561pt on input line 154.

<GUI/vnosPotnika.jpg, id=94, 1445.4pt x 2569.6pt>
File: GUI/vnosPotnika.jpg Graphic file (type jpg)
<use GUI/vnosPotnika.jpg>
Package pdftex.def Info: GUI/vnosPotnika.jpg  used on input line 158. on input 
line 158.
Package pdftex.def Info: Requested size: 360.0pt x 640.0067pt on input line 158
.

LaTeX Warning: Float too large for page by 69.93561pt on input line 161.

<GUI/placilo.jpg, id=95, 1445.4pt x 2569.6pt>
File: GUI/placilo.jpg Graphic file (type jpg)
<use GUI/placilo.jpg>
Package pdftex.def Info: GUI/placilo.jpg  used on input line 165. on input line
 165.
Package pdftex.def Info: Requested size: 360.0pt x 640.0067pt on input line 165
.

LaTeX Warning: Float too large for page by 67.80644pt on input line 168.

<GUI/zakljucekPlacila.jpg, id=96, 1445.4pt x 2569.6pt>
File: GUI/zakljucekPlacila.jpg Graphic file (type jpg)
<use GUI/zakljucekPlacila.jpg>
Package pdftex.def Info: GUI/zakljucekPlacila.jpg  used on input line 171. on i
nput line 171.
Package pdftex.def Info: Requested size: 360.0pt x 640.0067pt on input line 171
.

LaTeX Warning: Float too large for page by 69.93561pt on input line 174.

<GUI/navigation.jpg, id=97, 1445.4pt x 2569.6pt>
File: GUI/navigation.jpg Graphic file (type jpg)
<use GUI/navigation.jpg>
Package pdftex.def Info: GUI/navigation.jpg  used on input line 177. on input l
ine 177.
Package pdftex.def Info: Requested size: 360.0pt x 640.0067pt on input line 177
.

LaTeX Warning: Float too large for page by 69.93561pt on input line 180.

<GUI/autocomplete.jpg, id=98, 1445.4pt x 2569.6pt>
File: GUI/autocomplete.jpg Graphic file (type jpg)
<use GUI/autocomplete.jpg>
Package pdftex.def Info: GUI/autocomplete.jpg  used on input line 183. on input
 line 183.
Package pdftex.def Info: Requested size: 360.0pt x 640.0067pt on input line 183
.

LaTeX Warning: Float too large for page by 69.93561pt on input line 186.

<GUI/datePicker.jpg, id=99, 1445.4pt x 2569.6pt>
File: GUI/datePicker.jpg Graphic file (type jpg)
<use GUI/datePicker.jpg>
Package pdftex.def Info: GUI/datePicker.jpg  used on input line 189. on input l
ine 189.
Package pdftex.def Info: Requested size: 360.0pt x 640.0067pt on input line 189
.

LaTeX Warning: Float too large for page by 67.80644pt on input line 192.

(63150317.bbl
LaTeX Font Info:    External font `cmex10' loaded for size
(Font)              <10.95> on input line 6.
Package babel Info: Redefining slovene shorthand "|
(babel)             in language  on input line 9.
Package babel Info: Redefining slovene shorthand "|
(babel)             in language  on input line 9.
 [4]
Underfull \hbox (badness 10000) in paragraph at lines 17--22
[]\OT1/cmr/m/n/10.95 Google sign-in sam-ple.  Do-se-gljivo: []$\OT1/cmtt/m/n/10
.95 https : / / github . com /
 []


Underfull \hbox (badness 10000) in paragraph at lines 17--22
\OT1/cmtt/m/n/10.95 googlesamples / google-[]services / tree / master / android
 / signin$[]\OT1/cmr/m/n/10.95 ,
 []

)
Package atveryend Info: Empty hook `BeforeClearDocument' on input line 201.
Package babel Info: Redefining slovene shorthand "|
(babel)             in language  on input line 201.
Package babel Info: Redefining slovene shorthand "|
(babel)             in language  on input line 201.
 [5]
Package babel Info: Redefining slovene shorthand "|
(babel)             in language  on input line 201.
Package babel Info: Redefining slovene shorthand "|
(babel)             in language  on input line 201.
 [6 <./GUI/login.jpg>]
Package babel Info: Redefining slovene shorthand "|
(babel)             in language  on input line 201.
Package babel Info: Redefining slovene shorthand "|
(babel)             in language  on input line 201.
 [7 <./GUI/potovanja.jpg>]
Package babel Info: Redefining slovene shorthand "|
(babel)             in language  on input line 201.
Package babel Info: Redefining slovene shorthand "|
(babel)             in language  on input line 201.
 [8 <./GUI/nakup.jpg>]
Package babel Info: Redefining slovene shorthand "|
(babel)             in language  on input line 201.
Package babel Info: Redefining slovene shorthand "|
(babel)             in language  on input line 201.

[9 <./GUI/Potniki.jpg>]
Package babel Info: Redefining slovene shorthand "|
(babel)             in language  on input line 201.
Package babel Info: Redefining slovene shorthand "|
(babel)             in language  on input line 201.
 [10 <./GUI/vnosPotnika.jpg>]
Package babel Info: Redefining slovene shorthand "|
(babel)             in language  on input line 201.
Package babel Info: Redefining slovene shorthand "|
(babel)             in language  on input line 201.
 [11 <./GUI/placilo.jpg>]
Package babel Info: Redefining slovene shorthand "|
(babel)             in language  on input line 201.
Package babel Info: Redefining slovene shorthand "|
(babel)             in language  on input line 201.

[12 <./GUI/zakljucekPlacila.jpg>]
Package babel Info: Redefining slovene shorthand "|
(babel)             in language  on input line 201.
Package babel Info: Redefining slovene shorthand "|
(babel)             in language  on input line 201.
 [13 <./GUI/navigation.jpg>]
Package babel Info: Redefining slovene shorthand "|
(babel)             in language  on input line 201.
Package babel Info: Redefining slovene shorthand "|
(babel)             in language  on input line 201.
 [14 <./GUI/autocomplete.jpg>]
Package babel Info: Redefining slovene shorthand "|
(babel)             in language  on input line 201.
Package babel Info: Redefining slovene shorthand "|
(babel)             in language  on input line 201.
 [15 <./GUI/datePicker.jpg>]
Package atveryend Info: Empty hook `AfterLastShipout' on input line 201.
 (63150317.aux)
Package atveryend Info: Executing hook `AtVeryEndDocument' on input line 201.
Package atveryend Info: Executing hook `AtEndAfterFileList' on input line 201.
Package rerunfilecheck Info: File `63150317.out' has not changed.
(rerunfilecheck)             Checksum: 9EF33A2E916A7BDDA2858CDE52BECE8F;772.


LaTeX Warning: There were multiply-defined labels.

Package atveryend Info: Empty hook `AtVeryVeryEnd' on input line 201.
 ) 
Here is how much of TeX's memory you used:
 6517 strings out of 493312
 94602 string characters out of 3138900
 188600 words of memory out of 3000000
 9953 multiletter control sequences out of 15000+200000
 8671 words of font info for 31 fonts, out of 3000000 for 9000
 1141 hyphenation exceptions out of 8191
 29i,7n,36p,388b,667s stack positions out of 5000i,500n,10000p,200000b,50000s
<C:/Program Files/MiKTeX 2.9/fonts/type1/public/amsfonts/cm/cmbx12.pfb><C:/Pr
ogram Files/MiKTeX 2.9/fonts/type1/public/amsfonts/cm/cmr10.pfb><C:/Program Fil
es/MiKTeX 2.9/fonts/type1/public/amsfonts/cm/cmr12.pfb><C:/Program Files/MiKTeX
 2.9/fonts/type1/public/amsfonts/cm/cmr17.pfb><C:/Program Files/MiKTeX 2.9/font
s/type1/public/amsfonts/cm/cmsy10.pfb><C:/Program Files/MiKTeX 2.9/fonts/type1/
public/amsfonts/cm/cmtt10.pfb>
Output written on 63150317.pdf (15 pages, 3644058 bytes).
PDF statistics:
 203 PDF objects out of 1000 (max. 8388607)
 46 named destinations out of 1000 (max. 500000)
 168 words of extra memory for PDF output out of 10000 (max. 10000000)

